<?xml version="1.0" encoding="UTF-8"?>
<testsuite xmlns:xsi="http://www.w3.org/2001/XMLSchema-instance" xsi:noNamespaceSchemaLocation="https://maven.apache.org/surefire/maven-surefire-plugin/xsd/surefire-test-report-3.0.xsd" version="3.0" name="NewEmptyJUnitTest" time="0.518" tests="3" errors="0" skipped="0" failures="0">
  <properties>
[...]
</properties>
  <testcase name="testAuthenticateUser_SuccessfulAuthentication" classname="NewEmptyJUnitTest" time="0.455">
    <system-out><![CDATA[Authentication Result: true
]]></system-out>
  </testcase>
  <testcase name="testAuthenticateUser_UnsuccessfulAuthentication" classname="NewEmptyJUnitTest" time="0.01"/>
  <testcase name="testAuthenticateUser1_SuccessfulAuthentication1" classname="NewEmptyJUnitTest" time="0.007">
    <system-out><![CDATA[Authentication Result: true
]]></system-out>
  </testcase>
</testsuite>